<?xml version="1.0" encoding="UTF-8"?>
<!-- Generated by org.testng.reporters.JUnitReportReporter -->
<testsuite hostname="DESKTOP-C2CH04I" failures="0" tests="3" name="com.sgtesting.products.Products" time="0.010" errors="0" timestamp="2023-05-01T16:40:53 IST" skipped="0">
  <testcase classname="com.sgtesting.products.Products" name="createProduct" time="0.006"/>
  <system-out/>
  <testcase classname="com.sgtesting.products.Products" name="modifyProduct" time="0.001"/>
  <system-out/>
  <testcase classname="com.sgtesting.products.Products" name="deleteProduct" time="0.003"/>
  <system-out/>
</testsuite> <!-- com.sgtesting.products.Products -->
